{"uid":"dc75fa7452453c8c","name":"Access: Full app access check for shishir@codezyng.com","fullName":"tests.test_complete_workflow.TestCompleteWorkflow#test_full_application_access_both_users","historyId":"68721ba7d40af39f90c719c5715ae4de","time":{"start":1766482233546,"stop":1766482239066,"duration":5520},"description":"Login as different user roles and verify the user can access at least one major section.","descriptionHtml":"<p>Login as different user roles and verify the user can access at least one major section.</p>\n","status":"failed","statusMessage":"AssertionError: User shishir@codezyng.com should be able to access at least some sections\nassert 0 > 0\n +  where 0 = len([])","statusTrace":"self = <tests.test_complete_workflow.TestCompleteWorkflow object at 0x107cec150>\npage = <Page url='https://portal.trackzyng.codezyng.com/'>\nusername = 'shishir@codezyng.com', password = 'test12345'\n\n    @pytest.mark.parametrize(\n        \"username,password\",\n        [\n            (ADMIN_USERNAME, ADMIN_PASSWORD),\n            (USER_USERNAME, USER_PASSWORD),\n        ],\n    )\n    def test_full_application_access_both_users(self, page, username, password):\n        \"\"\"Test full application access for both user types.\"\"\"\n        allure.dynamic.title(f\"Access: Full app access check for {username}\")\n        allure.dynamic.description(\"Login as different user roles and verify the user can access at least one major section.\")\n    \n        ensure_fresh_session(page)\n    \n        login = LoginPage(page)\n        login.open()\n        login.login(username, password)\n    \n        page.wait_for_timeout(3000)\n    \n        sections_accessed = []\n        if \"/dashboard\" in page.url:\n            nav = NavigationPage(page)\n            for fn, name in [(\"navigate_to_dashboard\", \"dashboard\"), (\"navigate_to_tasks\", \"tasks\"), (\"navigate_to_reports\", \"reports\"), (\"navigate_to_users\", \"users\"), (\"navigate_to_branches\", \"branches\"), (\"navigate_to_settings\", \"settings\")]:\n                try:\n                    getattr(nav, fn)()\n                    page.wait_for_timeout(500)\n                    sections_accessed.append(name)\n                except Exception:\n                    continue\n    \n>       assert len(sections_accessed) > 0, f\"User {username} should be able to access at least some sections\"\nE       AssertionError: User shishir@codezyng.com should be able to access at least some sections\nE       assert 0 > 0\nE        +  where 0 = len([])\n\ntests/test_complete_workflow.py:213: AssertionError","flaky":false,"newFailed":false,"newBroken":false,"newPassed":false,"retriesCount":0,"retriesStatusChange":false,"beforeStages":[{"name":"page","time":{"start":1766482233223,"stop":1766482233546,"duration":323},"status":"passed","steps":[],"attachments":[],"parameters":[],"stepsCount":0,"hasContent":false,"attachmentStep":false,"shouldDisplayMessage":false,"attachmentsCount":0}],"afterStages":[{"name":"page::0","time":{"start":1766482239134,"stop":1766482239152,"duration":18},"status":"passed","steps":[],"attachments":[],"parameters":[],"stepsCount":0,"hasContent":false,"attachmentStep":false,"shouldDisplayMessage":false,"attachmentsCount":0}],"labels":[{"name":"parentSuite","value":"tests"},{"name":"suite","value":"test_complete_workflow"},{"name":"subSuite","value":"TestCompleteWorkflow"},{"name":"host","value":"Shishirs-Mac-mini.local"},{"name":"thread","value":"22004-MainThread"},{"name":"framework","value":"pytest"},{"name":"language","value":"cpython3"},{"name":"package","value":"tests.test_complete_workflow"},{"name":"resultFormat","value":"allure2"}],"parameters":[{"name":"password","value":"'test12345'"},{"name":"username","value":"'shishir@codezyng.com'"}],"links":[],"hidden":true,"retry":true,"extra":{"categories":[],"tags":[]},"source":"dc75fa7452453c8c.json","parameterValues":["'test12345'","'shishir@codezyng.com'"]}