{"uid":"67165eeb34467d25","name":"Tasks: Add new task (minimum fields)","fullName":"tests.test_tasks_comprehensive.TestTasksComprehensive#test_add_task_minimum_fields","historyId":"2615eeacd295cce16065104cb656838e","time":{"start":1766555869824,"stop":1766555987025,"duration":117201},"description":"Create a task with minimum required fields and ensure creation completes.","descriptionHtml":"<p>Create a task with minimum required fields and ensure creation completes.</p>\n","status":"failed","statusMessage":"AssertionError: Created minimal task should be findable via search\nassert 0 > 0\n +  where 0 = get_tasks_count()\n +    where get_tasks_count = <pages.tasks_page.TasksPage object at 0x7fefe427ff50>.get_tasks_count","statusTrace":"self = <tests.test_tasks_comprehensive.TestTasksComprehensive object at 0x7fefe6b7c750>\npage = <Page url='https://portal.trackzyng.codezyng.com/tasks?date=2025-12-24'>\n\n    def test_add_task_minimum_fields(self, page):\n        \"\"\"Test adding task with minimum required fields.\"\"\"\n        allure.dynamic.title(\"Tasks: Add new task (minimum fields)\")\n        allure.dynamic.description(\"Create a task with minimum required fields and ensure creation completes.\")\n        ensure_fresh_session(page)\n        login_user(page, ADMIN_USERNAME, ADMIN_PASSWORD)\n    \n        tasks = TasksPage(page)\n        tasks.navigate_to_tasks()\n        page.wait_for_timeout(3000)\n    \n        if not tasks.is_loaded():\n            pytest.skip(\"Tasks page not available for this user/environment\")\n    \n        timestamp = datetime.now().strftime(\"%Y%m%d%H%M%S\")\n        task_title = f\"Min Task {timestamp}\"\n        tasks.click_create_task()\n        page.wait_for_timeout(2000)\n    \n        tasks.fill_task_form(title=task_title)\n        tasks.save_task_form()\n        page.wait_for_timeout(2000)\n    \n        tasks.search_task(timestamp)\n        page.wait_for_timeout(2000)\n>       assert tasks.get_tasks_count() > 0, \"Created minimal task should be findable via search\"\nE       AssertionError: Created minimal task should be findable via search\nE       assert 0 > 0\nE        +  where 0 = get_tasks_count()\nE        +    where get_tasks_count = <pages.tasks_page.TasksPage object at 0x7fefe427ff50>.get_tasks_count\n\ntests/test_tasks_comprehensive.py:76: AssertionError","flaky":false,"newFailed":false,"newBroken":false,"newPassed":false,"retriesCount":0,"retriesStatusChange":false,"beforeStages":[{"name":"_verify_url","time":{"start":1766549454229,"stop":1766549454229,"duration":0},"status":"passed","steps":[],"attachments":[],"parameters":[],"stepsCount":0,"attachmentsCount":0,"shouldDisplayMessage":false,"hasContent":false},{"name":"base_url","time":{"start":1766549454229,"stop":1766549454229,"duration":0},"status":"passed","steps":[],"attachments":[],"parameters":[],"stepsCount":0,"attachmentsCount":0,"shouldDisplayMessage":false,"hasContent":false},{"name":"pytestconfig","time":{"start":1766549454229,"stop":1766549454229,"duration":0},"status":"passed","steps":[],"attachments":[],"parameters":[],"stepsCount":0,"attachmentsCount":0,"shouldDisplayMessage":false,"hasContent":false},{"name":"delete_output_dir","time":{"start":1766549454229,"stop":1766549454229,"duration":0},"status":"passed","steps":[],"attachments":[],"parameters":[],"stepsCount":0,"attachmentsCount":0,"shouldDisplayMessage":false,"hasContent":false},{"name":"page","time":{"start":1766555869392,"stop":1766555869823,"duration":431},"status":"passed","steps":[],"attachments":[],"parameters":[],"stepsCount":0,"attachmentsCount":0,"shouldDisplayMessage":false,"hasContent":false}],"afterStages":[{"name":"page::0","time":{"start":1766555987078,"stop":1766555987135,"duration":57},"status":"passed","steps":[],"attachments":[],"parameters":[],"stepsCount":0,"attachmentsCount":0,"shouldDisplayMessage":false,"hasContent":false}],"labels":[{"name":"parentSuite","value":"tests"},{"name":"suite","value":"test_tasks_comprehensive"},{"name":"subSuite","value":"TestTasksComprehensive"},{"name":"host","value":"runnervmh13bl"},{"name":"thread","value":"5248-MainThread"},{"name":"framework","value":"pytest"},{"name":"language","value":"cpython3"},{"name":"package","value":"tests.test_tasks_comprehensive"},{"name":"resultFormat","value":"allure2"}],"parameters":[],"links":[],"hidden":false,"retry":false,"extra":{"severity":"normal","retries":[],"categories":[{"name":"Product defects","matchedStatuses":[],"flaky":false}],"tags":[]},"source":"67165eeb34467d25.json","parameterValues":[]}