{"uid":"707e6cde2c83803e","name":"Tasks: Add and verify in list","fullName":"tests.test_tasks_comprehensive.TestTasksComprehensive#test_add_task_and_verify_in_list","historyId":"2eca50deea9b672abd045684a9ea47af","time":{"start":1766556239275,"stop":1766556361478,"duration":122203},"description":"Create a new task, refresh, and search to confirm it appears in the list.","descriptionHtml":"<p>Create a new task, refresh, and search to confirm it appears in the list.</p>\n","status":"failed","statusMessage":"AssertionError: Added task should appear in search results\nassert 0 > 0\n +  where 0 = get_tasks_count()\n +    where get_tasks_count = <pages.tasks_page.TasksPage object at 0x7fefe42904d0>.get_tasks_count","statusTrace":"self = <tests.test_tasks_comprehensive.TestTasksComprehensive object at 0x7fefe6b6a550>\npage = <Page url='https://portal.trackzyng.codezyng.com/tasks?date=2025-12-24'>\n\n    def test_add_task_and_verify_in_list(self, page):\n        \"\"\"Test adding task and verifying it appears in list.\"\"\"\n        allure.dynamic.title(\"Tasks: Add and verify in list\")\n        allure.dynamic.description(\"Create a new task, refresh, and search to confirm it appears in the list.\")\n        ensure_fresh_session(page)\n        login_user(page, ADMIN_USERNAME, ADMIN_PASSWORD)\n    \n        tasks = TasksPage(page)\n        tasks.navigate_to_tasks()\n        page.wait_for_timeout(3000)\n    \n        if not tasks.is_loaded():\n            pytest.skip(\"Tasks page not available for this user/environment\")\n    \n        # Add new task\n        tasks.click_create_task()\n        page.wait_for_timeout(2000)\n    \n        timestamp = datetime.now().strftime(\"%Y%m%d%H%M%S\")\n        task_title = f\"Verify Task {timestamp}\"\n        tasks.fill_task_form(title=task_title)\n        tasks.save_task_form()\n        page.wait_for_timeout(3000)\n    \n        # Refresh and verify via search\n        page.reload()\n        page.wait_for_timeout(3000)\n    \n        tasks.search_task(timestamp)\n        page.wait_for_timeout(2000)\n>       assert tasks.get_tasks_count() > 0, \"Added task should appear in search results\"\nE       AssertionError: Added task should appear in search results\nE       assert 0 > 0\nE        +  where 0 = get_tasks_count()\nE        +    where get_tasks_count = <pages.tasks_page.TasksPage object at 0x7fefe42904d0>.get_tasks_count\n\ntests/test_tasks_comprehensive.py:348: AssertionError","flaky":false,"newFailed":false,"newBroken":false,"newPassed":false,"retriesCount":0,"retriesStatusChange":false,"beforeStages":[{"name":"_verify_url","time":{"start":1766549454229,"stop":1766549454229,"duration":0},"status":"passed","steps":[],"attachments":[],"parameters":[],"stepsCount":0,"attachmentsCount":0,"shouldDisplayMessage":false,"hasContent":false},{"name":"base_url","time":{"start":1766549454229,"stop":1766549454229,"duration":0},"status":"passed","steps":[],"attachments":[],"parameters":[],"stepsCount":0,"attachmentsCount":0,"shouldDisplayMessage":false,"hasContent":false},{"name":"pytestconfig","time":{"start":1766549454229,"stop":1766549454229,"duration":0},"status":"passed","steps":[],"attachments":[],"parameters":[],"stepsCount":0,"attachmentsCount":0,"shouldDisplayMessage":false,"hasContent":false},{"name":"delete_output_dir","time":{"start":1766549454229,"stop":1766549454229,"duration":0},"status":"passed","steps":[],"attachments":[],"parameters":[],"stepsCount":0,"attachmentsCount":0,"shouldDisplayMessage":false,"hasContent":false},{"name":"page","time":{"start":1766556238846,"stop":1766556239274,"duration":428},"status":"passed","steps":[],"attachments":[],"parameters":[],"stepsCount":0,"attachmentsCount":0,"shouldDisplayMessage":false,"hasContent":false}],"afterStages":[{"name":"page::0","time":{"start":1766556361528,"stop":1766556361582,"duration":54},"status":"passed","steps":[],"attachments":[],"parameters":[],"stepsCount":0,"attachmentsCount":0,"shouldDisplayMessage":false,"hasContent":false}],"labels":[{"name":"parentSuite","value":"tests"},{"name":"suite","value":"test_tasks_comprehensive"},{"name":"subSuite","value":"TestTasksComprehensive"},{"name":"host","value":"runnervmh13bl"},{"name":"thread","value":"5248-MainThread"},{"name":"framework","value":"pytest"},{"name":"language","value":"cpython3"},{"name":"package","value":"tests.test_tasks_comprehensive"},{"name":"resultFormat","value":"allure2"}],"parameters":[],"links":[],"hidden":false,"retry":false,"extra":{"severity":"normal","retries":[],"categories":[{"name":"Product defects","matchedStatuses":[],"flaky":false}],"tags":[]},"source":"707e6cde2c83803e.json","parameterValues":[]}