{"uid":"ec8d0708105433b4","name":"Users: Form validation shows errors on save without required fields","fullName":"tests.test_users_crud_comprehensive.TestUsersCRUDComprehensive#test_user_form_validation_on_save","historyId":"27a316d1767b17549be565fd7135b145","time":{"start":1766557717594,"stop":1766557745738,"duration":28144},"description":"Open create user form and click save without required fields. Expect validation errors to be shown.","descriptionHtml":"<p>Open create user form and click save without required fields. Expect validation errors to be shown.</p>\n","status":"failed","statusMessage":"AssertionError: Expected form to remain visible with validation errors\nassert False\n +  where False = is_element_visible('form, [data-testid*=\"user-form\"]', timeout=3000)\n +    where is_element_visible = <pages.users_page.UsersPage object at 0x7fefe545ac90>.is_element_visible\n +    and   'form, [data-testid*=\"user-form\"]' = <pages.users_page.UsersPage object at 0x7fefe545ac90>.user_form","statusTrace":"self = <tests.test_users_crud_comprehensive.TestUsersCRUDComprehensive object at 0x7fefe6b97ad0>\npage = <Page url='https://portal.trackzyng.codezyng.com/users'>\n\n    def test_user_form_validation_on_save(self, page):\n        \"\"\"Test form validation when saving user.\"\"\"\n        allure.dynamic.title(\"Users: Form validation shows errors on save without required fields\")\n        allure.dynamic.description(\"Open create user form and click save without required fields. Expect validation errors to be shown.\")\n    \n        ensure_fresh_session(page)\n        login_user(page, ADMIN_USERNAME, ADMIN_PASSWORD)\n    \n        users = UsersPage(page)\n        users.navigate_to_users()\n        assert users.is_loaded(), \"Users page should be loaded\"\n    \n        users.click_create_user()\n        # Try to save without filling required fields\n        users.save_user_form()\n        page.wait_for_timeout(500)\n    \n        # Expect either the form still visible or some validation message\n>       assert users.is_element_visible(users.user_form, timeout=3000), \"Expected form to remain visible with validation errors\"\nE       AssertionError: Expected form to remain visible with validation errors\nE       assert False\nE        +  where False = is_element_visible('form, [data-testid*=\"user-form\"]', timeout=3000)\nE        +    where is_element_visible = <pages.users_page.UsersPage object at 0x7fefe545ac90>.is_element_visible\nE        +    and   'form, [data-testid*=\"user-form\"]' = <pages.users_page.UsersPage object at 0x7fefe545ac90>.user_form\n\ntests/test_users_crud_comprehensive.py:235: AssertionError","flaky":false,"newFailed":false,"newBroken":false,"newPassed":false,"retriesCount":0,"retriesStatusChange":false,"beforeStages":[{"name":"_verify_url","time":{"start":1766549454229,"stop":1766549454229,"duration":0},"status":"passed","steps":[],"attachments":[],"parameters":[],"stepsCount":0,"attachmentsCount":0,"shouldDisplayMessage":false,"hasContent":false},{"name":"base_url","time":{"start":1766549454229,"stop":1766549454229,"duration":0},"status":"passed","steps":[],"attachments":[],"parameters":[],"stepsCount":0,"attachmentsCount":0,"shouldDisplayMessage":false,"hasContent":false},{"name":"pytestconfig","time":{"start":1766549454229,"stop":1766549454229,"duration":0},"status":"passed","steps":[],"attachments":[],"parameters":[],"stepsCount":0,"attachmentsCount":0,"shouldDisplayMessage":false,"hasContent":false},{"name":"delete_output_dir","time":{"start":1766549454229,"stop":1766549454229,"duration":0},"status":"passed","steps":[],"attachments":[],"parameters":[],"stepsCount":0,"attachmentsCount":0,"shouldDisplayMessage":false,"hasContent":false},{"name":"page","time":{"start":1766557717156,"stop":1766557717593,"duration":437},"status":"passed","steps":[],"attachments":[],"parameters":[],"stepsCount":0,"attachmentsCount":0,"shouldDisplayMessage":false,"hasContent":false}],"afterStages":[{"name":"page::0","time":{"start":1766557745793,"stop":1766557745898,"duration":105},"status":"passed","steps":[],"attachments":[],"parameters":[],"stepsCount":0,"attachmentsCount":0,"shouldDisplayMessage":false,"hasContent":false}],"labels":[{"name":"parentSuite","value":"tests"},{"name":"suite","value":"test_users_crud_comprehensive"},{"name":"subSuite","value":"TestUsersCRUDComprehensive"},{"name":"host","value":"runnervmh13bl"},{"name":"thread","value":"5248-MainThread"},{"name":"framework","value":"pytest"},{"name":"language","value":"cpython3"},{"name":"package","value":"tests.test_users_crud_comprehensive"},{"name":"resultFormat","value":"allure2"}],"parameters":[],"links":[],"hidden":false,"retry":false,"extra":{"severity":"normal","retries":[],"categories":[{"name":"Product defects","matchedStatuses":[],"flaky":false}],"tags":[]},"source":"ec8d0708105433b4.json","parameterValues":[]}