{"uid":"eedea1deea894939","name":"Access: Full app access check for shishir@codezyng.com","fullName":"tests.test_complete_workflow.TestCompleteWorkflow#test_full_application_access_both_users","historyId":"68721ba7d40af39f90c719c5715ae4de","time":{"start":1766550456307,"stop":1766550463445,"duration":7138},"description":"Login as different user roles and verify the user can access at least one major section.","descriptionHtml":"<p>Login as different user roles and verify the user can access at least one major section.</p>\n","status":"failed","statusMessage":"AssertionError: User shishir@codezyng.com should be able to access at least some sections\nassert 0 > 0\n +  where 0 = len([])","statusTrace":"self = <tests.test_complete_workflow.TestCompleteWorkflow object at 0x7fefe6c419d0>\npage = <Page url='https://portal.trackzyng.codezyng.com/'>\nusername = 'shishir@codezyng.com', password = 'test12345'\n\n    @pytest.mark.parametrize(\n        \"username,password\",\n        [\n            (ADMIN_USERNAME, ADMIN_PASSWORD),\n            (USER_USERNAME, USER_PASSWORD),\n        ],\n    )\n    def test_full_application_access_both_users(self, page, username, password):\n        \"\"\"Test full application access for both user types.\"\"\"\n        allure.dynamic.title(f\"Access: Full app access check for {username}\")\n        allure.dynamic.description(\"Login as different user roles and verify the user can access at least one major section.\")\n    \n        ensure_fresh_session(page)\n    \n        login = LoginPage(page)\n        login.open()\n        login.login(username, password)\n    \n        page.wait_for_timeout(3000)\n    \n        sections_accessed = []\n        if \"/dashboard\" in page.url:\n            nav = NavigationPage(page)\n            for fn, name in [(\"navigate_to_dashboard\", \"dashboard\"), (\"navigate_to_tasks\", \"tasks\"), (\"navigate_to_reports\", \"reports\"), (\"navigate_to_users\", \"users\"), (\"navigate_to_branches\", \"branches\"), (\"navigate_to_settings\", \"settings\")]:\n                try:\n                    getattr(nav, fn)()\n                    page.wait_for_timeout(500)\n                    sections_accessed.append(name)\n                except Exception:\n                    continue\n    \n>       assert len(sections_accessed) > 0, f\"User {username} should be able to access at least some sections\"\nE       AssertionError: User shishir@codezyng.com should be able to access at least some sections\nE       assert 0 > 0\nE        +  where 0 = len([])\n\ntests/test_complete_workflow.py:213: AssertionError","flaky":false,"newFailed":false,"newBroken":false,"newPassed":false,"retriesCount":0,"retriesStatusChange":false,"beforeStages":[{"name":"_verify_url","time":{"start":1766549454229,"stop":1766549454229,"duration":0},"status":"passed","steps":[],"attachments":[],"parameters":[],"stepsCount":0,"attachmentsCount":0,"shouldDisplayMessage":false,"hasContent":false},{"name":"base_url","time":{"start":1766549454229,"stop":1766549454229,"duration":0},"status":"passed","steps":[],"attachments":[],"parameters":[],"stepsCount":0,"attachmentsCount":0,"shouldDisplayMessage":false,"hasContent":false},{"name":"pytestconfig","time":{"start":1766549454229,"stop":1766549454229,"duration":0},"status":"passed","steps":[],"attachments":[],"parameters":[],"stepsCount":0,"attachmentsCount":0,"shouldDisplayMessage":false,"hasContent":false},{"name":"delete_output_dir","time":{"start":1766549454229,"stop":1766549454229,"duration":0},"status":"passed","steps":[],"attachments":[],"parameters":[],"stepsCount":0,"attachmentsCount":0,"shouldDisplayMessage":false,"hasContent":false},{"name":"page","time":{"start":1766550455871,"stop":1766550456306,"duration":435},"status":"passed","steps":[],"attachments":[],"parameters":[],"stepsCount":0,"attachmentsCount":0,"shouldDisplayMessage":false,"hasContent":false}],"afterStages":[{"name":"page::0","time":{"start":1766550463558,"stop":1766550463624,"duration":66},"status":"passed","steps":[],"attachments":[],"parameters":[],"stepsCount":0,"attachmentsCount":0,"shouldDisplayMessage":false,"hasContent":false}],"labels":[{"name":"parentSuite","value":"tests"},{"name":"suite","value":"test_complete_workflow"},{"name":"subSuite","value":"TestCompleteWorkflow"},{"name":"host","value":"runnervmh13bl"},{"name":"thread","value":"5248-MainThread"},{"name":"framework","value":"pytest"},{"name":"language","value":"cpython3"},{"name":"package","value":"tests.test_complete_workflow"},{"name":"resultFormat","value":"allure2"}],"parameters":[{"name":"password","value":"'test12345'"},{"name":"username","value":"'shishir@codezyng.com'"}],"links":[],"hidden":false,"retry":false,"extra":{"severity":"normal","retries":[],"categories":[{"name":"Product defects","matchedStatuses":[],"flaky":false}],"tags":[]},"source":"eedea1deea894939.json","parameterValues":["'test12345'","'shishir@codezyng.com'"]}