{"uid":"230975eb1dce5c86","name":"test_admin_login_flow","fullName":"tests.test_comprehensive_login.TestLoginComprehensive#test_admin_login_flow","historyId":"396fc619ced69c6940c7aea7be11fe51","time":{"start":1766465522633,"stop":1766465534669,"duration":12036},"description":"Test complete admin login flow.","descriptionHtml":"<p>Test complete admin login flow.</p>\n","status":"failed","statusMessage":"AssertionError: Dashboard content should be visible\nassert False\n +  where False = <bound method DashboardPage.is_content_visible of <pages.dashboard_page.DashboardPage object at 0x107fac7c0>>()\n +    where <bound method DashboardPage.is_content_visible of <pages.dashboard_page.DashboardPage object at 0x107fac7c0>> = <pages.dashboard_page.DashboardPage object at 0x107fac7c0>.is_content_visible","statusTrace":"self = <tests.test_comprehensive_login.TestLoginComprehensive object at 0x1037fa250>\npage = <Page url='https://portal.trackzyng.codezyng.com/dashboard'>\n\n    def test_admin_login_flow(self, page):\n        \"\"\"Test complete admin login flow.\"\"\"\n        ensure_fresh_session(page)\n    \n        login = LoginPage(page)\n        dashboard = DashboardPage(page)\n    \n        login.open()\n        assert login.is_login_form_visible()\n    \n        login.login(ADMIN_USERNAME, ADMIN_PASSWORD)\n        page.wait_for_url(\"**/dashboard**\", timeout=15000)\n    \n        assert dashboard.is_loaded(), \"Dashboard should load after admin login\"\n>       assert dashboard.is_content_visible(), \"Dashboard content should be visible\"\nE       AssertionError: Dashboard content should be visible\nE       assert False\nE        +  where False = <bound method DashboardPage.is_content_visible of <pages.dashboard_page.DashboardPage object at 0x107fac7c0>>()\nE        +    where <bound method DashboardPage.is_content_visible of <pages.dashboard_page.DashboardPage object at 0x107fac7c0>> = <pages.dashboard_page.DashboardPage object at 0x107fac7c0>.is_content_visible\n\ntests/test_comprehensive_login.py:70: AssertionError","flaky":false,"newFailed":false,"newBroken":false,"newPassed":false,"retriesCount":0,"retriesStatusChange":false,"beforeStages":[{"name":"page","time":{"start":1766465522419,"stop":1766465522632,"duration":213},"status":"passed","steps":[],"attachments":[],"parameters":[],"stepsCount":0,"hasContent":false,"attachmentStep":false,"shouldDisplayMessage":false,"attachmentsCount":0}],"afterStages":[{"name":"page::0","time":{"start":1766465534731,"stop":1766465534752,"duration":21},"status":"passed","steps":[],"attachments":[],"parameters":[],"stepsCount":0,"hasContent":false,"attachmentStep":false,"shouldDisplayMessage":false,"attachmentsCount":0}],"labels":[{"name":"parentSuite","value":"tests"},{"name":"suite","value":"test_comprehensive_login"},{"name":"subSuite","value":"TestLoginComprehensive"},{"name":"host","value":"Shishirs-Mac-mini.local"},{"name":"thread","value":"2170-MainThread"},{"name":"framework","value":"pytest"},{"name":"language","value":"cpython3"},{"name":"package","value":"tests.test_comprehensive_login"},{"name":"resultFormat","value":"allure2"}],"parameters":[],"links":[],"hidden":true,"retry":true,"extra":{"categories":[],"tags":[]},"source":"230975eb1dce5c86.json","parameterValues":[]}