{"uid":"31bcafce9fed3ce","name":"test_complete_user_journey_admin","fullName":"tests.test_end_to_end.TestEndToEnd#test_complete_user_journey_admin","historyId":"d17a6cfa2bf92fbee8b8ff8da400909b","time":{"start":1766550414961,"stop":1766550431149,"duration":16188},"description":"Test complete user journey for admin user.","descriptionHtml":"<p>Test complete user journey for admin user.</p>\n","status":"failed","statusMessage":"AssertionError: assert False\n +  where False = <bound method DashboardPage.is_content_visible of <pages.dashboard_page.DashboardPage object at 0x10a6b4050>>()\n +    where <bound method DashboardPage.is_content_visible of <pages.dashboard_page.DashboardPage object at 0x10a6b4050>> = <pages.dashboard_page.DashboardPage object at 0x10a6b4050>.is_content_visible","statusTrace":"self = <tests.test_end_to_end.TestEndToEnd object at 0x104de1810>\npage = <Page url='https://portal.trackzyng.codezyng.com/dashboard'>\n\n    def test_complete_user_journey_admin(self, page):\n        \"\"\"Test complete user journey for admin user.\"\"\"\n        ensure_fresh_session(page)\n    \n        # Step 1: Open login page\n        login = LoginPage(page)\n        login.open()\n        assert login.is_login_form_visible()\n    \n        # Step 2: Login\n        login.login(ADMIN_USERNAME, ADMIN_PASSWORD)\n        page.wait_for_url(\"**/dashboard**\", timeout=15000)\n    \n        # Step 3: Verify dashboard\n        dashboard = DashboardPage(page)\n        dashboard.wait_for_dashboard_load()\n        assert dashboard.is_loaded()\n>       assert dashboard.is_content_visible()\nE       assert False\nE        +  where False = <bound method DashboardPage.is_content_visible of <pages.dashboard_page.DashboardPage object at 0x10a6b4050>>()\nE        +    where <bound method DashboardPage.is_content_visible of <pages.dashboard_page.DashboardPage object at 0x10a6b4050>> = <pages.dashboard_page.DashboardPage object at 0x10a6b4050>.is_content_visible\n\ntests/test_end_to_end.py:29: AssertionError","flaky":false,"newFailed":false,"newBroken":false,"newPassed":false,"retriesCount":0,"retriesStatusChange":false,"beforeStages":[{"name":"page","time":{"start":1766550414704,"stop":1766550414961,"duration":257},"status":"passed","steps":[],"attachments":[],"parameters":[],"shouldDisplayMessage":false,"attachmentsCount":0,"stepsCount":0,"hasContent":false,"attachmentStep":false}],"afterStages":[{"name":"page::0","time":{"start":1766550431212,"stop":1766550431235,"duration":23},"status":"passed","steps":[],"attachments":[],"parameters":[],"shouldDisplayMessage":false,"attachmentsCount":0,"stepsCount":0,"hasContent":false,"attachmentStep":false}],"labels":[{"name":"parentSuite","value":"tests"},{"name":"suite","value":"test_end_to_end"},{"name":"subSuite","value":"TestEndToEnd"},{"name":"host","value":"Shishirs-Mac-mini.local"},{"name":"thread","value":"1581-MainThread"},{"name":"framework","value":"pytest"},{"name":"language","value":"cpython3"},{"name":"package","value":"tests.test_end_to_end"},{"name":"resultFormat","value":"allure2"}],"parameters":[],"links":[],"hidden":true,"retry":true,"extra":{"categories":[],"tags":[]},"source":"31bcafce9fed3ce.json","parameterValues":[]}