{"uid":"5ca7efa3967153d","name":"Tasks: Add new task (complete details)","fullName":"tests.test_tasks_comprehensive.TestTasksComprehensive#test_add_new_task_complete_details","historyId":"9746ac8b417d162d93b2ed686bfb9a6a","time":{"start":1766564959716,"stop":1766565080827,"duration":121111},"description":"Create a task with full details and verify it appears in the list or that creation succeeds without errors.","descriptionHtml":"<p>Create a task with full details and verify it appears in the list or that creation succeeds without errors.</p>\n","status":"failed","statusMessage":"AssertionError: Created task should be findable via search\nassert 0 > 0\n +  where 0 = <bound method TasksPage.get_tasks_count of <pages.tasks_page.TasksPage object at 0x11378da90>>()\n +    where <bound method TasksPage.get_tasks_count of <pages.tasks_page.TasksPage object at 0x11378da90>> = <pages.tasks_page.TasksPage object at 0x11378da90>.get_tasks_count","statusTrace":"self = <tests.test_tasks_comprehensive.TestTasksComprehensive object at 0x105526fd0>\npage = <Page url='https://portal.trackzyng.codezyng.com/tasks?date=2025-12-24'>\n\n    def test_add_new_task_complete_details(self, page):\n        \"\"\"Test adding a new task with complete details.\"\"\"\n        allure.dynamic.title(\"Tasks: Add new task (complete details)\")\n        allure.dynamic.description(\"Create a task with full details and verify it appears in the list or that creation succeeds without errors.\")\n        ensure_fresh_session(page)\n        login_user(page, ADMIN_USERNAME, ADMIN_PASSWORD)\n    \n        tasks = TasksPage(page)\n        tasks.navigate_to_tasks()\n        page.wait_for_timeout(3000)\n    \n        if not tasks.is_loaded():\n            pytest.skip(\"Tasks page not available for this user/environment\")\n    \n        initial_count = tasks.get_tasks_count()\n        tasks.click_create_task()\n        page.wait_for_timeout(2000)\n    \n        timestamp = datetime.now().strftime(\"%Y%m%d%H%M%S\")\n        future_date = (datetime.now() + timedelta(days=7)).strftime(\"%Y-%m-%d\")\n    \n        task_title = f\"Test Task {timestamp}\"\n        tasks.fill_task_form(\n            title=task_title,\n            description=\"This is a test task description\",\n            status=\"pending\",\n            priority=\"high\",\n            due_date=future_date\n        )\n        tasks.save_task_form()\n        page.wait_for_timeout(2000)\n    \n        # Verify task creation by searching for the task title\n        tasks.search_task(timestamp)\n        page.wait_for_timeout(2000)\n>       assert tasks.get_tasks_count() > 0, \"Created task should be findable via search\"\nE       AssertionError: Created task should be findable via search\nE       assert 0 > 0\nE        +  where 0 = <bound method TasksPage.get_tasks_count of <pages.tasks_page.TasksPage object at 0x11378da90>>()\nE        +    where <bound method TasksPage.get_tasks_count of <pages.tasks_page.TasksPage object at 0x11378da90>> = <pages.tasks_page.TasksPage object at 0x11378da90>.get_tasks_count\n\ntests/test_tasks_comprehensive.py:49: AssertionError","flaky":false,"newFailed":false,"newBroken":false,"newPassed":false,"retriesCount":4,"retriesStatusChange":true,"beforeStages":[{"name":"page","time":{"start":1766564959452,"stop":1766564959716,"duration":264},"status":"passed","steps":[],"attachments":[],"parameters":[],"shouldDisplayMessage":false,"attachmentsCount":0,"stepsCount":0,"hasContent":false,"attachmentStep":false}],"afterStages":[{"name":"page::0","time":{"start":1766565080896,"stop":1766565080920,"duration":24},"status":"passed","steps":[],"attachments":[],"parameters":[],"shouldDisplayMessage":false,"attachmentsCount":0,"stepsCount":0,"hasContent":false,"attachmentStep":false}],"labels":[{"name":"parentSuite","value":"tests"},{"name":"suite","value":"test_tasks_comprehensive"},{"name":"subSuite","value":"TestTasksComprehensive"},{"name":"host","value":"Shishirs-Mac-mini.local"},{"name":"thread","value":"9366-MainThread"},{"name":"framework","value":"pytest"},{"name":"language","value":"cpython3"},{"name":"package","value":"tests.test_tasks_comprehensive"},{"name":"resultFormat","value":"allure2"}],"parameters":[],"links":[],"hidden":false,"retry":false,"extra":{"severity":"normal","retries":[{"uid":"7ed373abfa600bf8","status":"failed","statusDetails":"AssertionError: Created task should be findable via search\nassert 0 > 0\n +  where 0 = <bound method TasksPage.get_tasks_count of <pages.tasks_page.TasksPage object at 0x10c973110>>()\n +    where <bound method TasksPage.get_tasks_count of <pages.tasks_page.TasksPage object at 0x10c973110>> = <pages.tasks_page.TasksPage object at 0x10c973110>.get_tasks_count","time":{"start":1766486983619,"stop":1766487104591,"duration":120972}},{"uid":"366f6a802417961a","status":"passed","time":{"start":1766470451966,"stop":1766470569671,"duration":117705}},{"uid":"45a30efdcbd65541","status":"passed","time":{"start":1766399208032,"stop":1766399326383,"duration":118351}},{"uid":"e01cc0c1319ba9a1","status":"passed","time":{"start":1766382622795,"stop":1766382743632,"duration":120837}}],"categories":[{"name":"Product defects","matchedStatuses":[]}],"tags":[]},"source":"5ca7efa3967153d.json","parameterValues":[]}