{"uid":"755ae9f4562ade0a","name":"Access: Full app access check for shishir@codezyng.com","fullName":"tests.test_complete_workflow.TestCompleteWorkflow#test_full_application_access_both_users","historyId":"68721ba7d40af39f90c719c5715ae4de","time":{"start":1766549625963,"stop":1766549631390,"duration":5427},"description":"Login as different user roles and verify the user can access at least one major section.","descriptionHtml":"<p>Login as different user roles and verify the user can access at least one major section.</p>\n","status":"failed","statusMessage":"AssertionError: User shishir@codezyng.com should be able to access at least some sections\nassert 0 > 0\n +  where 0 = len([])","statusTrace":"self = <tests.test_complete_workflow.TestCompleteWorkflow object at 0x104dec150>\npage = <Page url='https://portal.trackzyng.codezyng.com/'>\nusername = 'shishir@codezyng.com', password = 'test12345'\n\n>   ???\nE   AssertionError: User shishir@codezyng.com should be able to access at least some sections\nE   assert 0 > 0\nE    +  where 0 = len([])\n\n/Users/shishirk/Desktop/Playwright_Trackzyng/trackzyng_playwright/tests/test_complete_workflow.py:213: AssertionError","flaky":false,"newFailed":false,"newBroken":false,"newPassed":false,"retriesCount":0,"retriesStatusChange":false,"beforeStages":[{"name":"page","time":{"start":1766549625630,"stop":1766549625963,"duration":333},"status":"passed","steps":[],"attachments":[],"parameters":[],"shouldDisplayMessage":false,"attachmentsCount":0,"stepsCount":0,"hasContent":false,"attachmentStep":false}],"afterStages":[{"name":"page::0","time":{"start":1766549631467,"stop":1766549631485,"duration":18},"status":"passed","steps":[],"attachments":[],"parameters":[],"shouldDisplayMessage":false,"attachmentsCount":0,"stepsCount":0,"hasContent":false,"attachmentStep":false}],"labels":[{"name":"parentSuite","value":"tests"},{"name":"suite","value":"test_complete_workflow"},{"name":"subSuite","value":"TestCompleteWorkflow"},{"name":"host","value":"Shishirs-Mac-mini.local"},{"name":"thread","value":"1581-MainThread"},{"name":"framework","value":"pytest"},{"name":"language","value":"cpython3"},{"name":"package","value":"tests.test_complete_workflow"},{"name":"resultFormat","value":"allure2"}],"parameters":[{"name":"password","value":"'test12345'"},{"name":"username","value":"'shishir@codezyng.com'"}],"links":[],"hidden":true,"retry":true,"extra":{"categories":[],"tags":[]},"source":"755ae9f4562ade0a.json","parameterValues":["'test12345'","'shishir@codezyng.com'"]}