{"uid":"80a08aed6a734d3","name":"Tasks: Add and verify in list","fullName":"tests.test_tasks_comprehensive.TestTasksComprehensive#test_add_task_and_verify_in_list","historyId":"2eca50deea9b672abd045684a9ea47af","time":{"start":1766565629426,"stop":1766565746872,"duration":117446},"description":"Create a new task, refresh, and search to confirm it appears in the list.","descriptionHtml":"<p>Create a new task, refresh, and search to confirm it appears in the list.</p>\n","status":"failed","statusMessage":"AssertionError: Added task should appear in search results\nassert 0 > 0\n +  where 0 = <bound method TasksPage.get_tasks_count of <pages.tasks_page.TasksPage object at 0x105e25d10>>()\n +    where <bound method TasksPage.get_tasks_count of <pages.tasks_page.TasksPage object at 0x105e25d10>> = <pages.tasks_page.TasksPage object at 0x105e25d10>.get_tasks_count","statusTrace":"self = <tests.test_tasks_comprehensive.TestTasksComprehensive object at 0x10555be70>\npage = <Page url='https://portal.trackzyng.codezyng.com/tasks?date=2025-12-24'>\n\n    def test_add_task_and_verify_in_list(self, page):\n        \"\"\"Test adding task and verifying it appears in list.\"\"\"\n        allure.dynamic.title(\"Tasks: Add and verify in list\")\n        allure.dynamic.description(\"Create a new task, refresh, and search to confirm it appears in the list.\")\n        ensure_fresh_session(page)\n        login_user(page, ADMIN_USERNAME, ADMIN_PASSWORD)\n    \n        tasks = TasksPage(page)\n        tasks.navigate_to_tasks()\n        page.wait_for_timeout(3000)\n    \n        if not tasks.is_loaded():\n            pytest.skip(\"Tasks page not available for this user/environment\")\n    \n        # Add new task\n        tasks.click_create_task()\n        page.wait_for_timeout(2000)\n    \n        timestamp = datetime.now().strftime(\"%Y%m%d%H%M%S\")\n        task_title = f\"Verify Task {timestamp}\"\n        tasks.fill_task_form(title=task_title)\n        tasks.save_task_form()\n        page.wait_for_timeout(3000)\n    \n        # Refresh and verify via search\n        page.reload()\n        page.wait_for_timeout(3000)\n    \n        tasks.search_task(timestamp)\n        page.wait_for_timeout(2000)\n>       assert tasks.get_tasks_count() > 0, \"Added task should appear in search results\"\nE       AssertionError: Added task should appear in search results\nE       assert 0 > 0\nE        +  where 0 = <bound method TasksPage.get_tasks_count of <pages.tasks_page.TasksPage object at 0x105e25d10>>()\nE        +    where <bound method TasksPage.get_tasks_count of <pages.tasks_page.TasksPage object at 0x105e25d10>> = <pages.tasks_page.TasksPage object at 0x105e25d10>.get_tasks_count\n\ntests/test_tasks_comprehensive.py:348: AssertionError","flaky":false,"newFailed":false,"newBroken":false,"newPassed":false,"retriesCount":2,"retriesStatusChange":true,"beforeStages":[{"name":"page","time":{"start":1766565629057,"stop":1766565629426,"duration":369},"status":"passed","steps":[],"attachments":[],"parameters":[],"stepsCount":0,"hasContent":false,"attachmentStep":false,"shouldDisplayMessage":false,"attachmentsCount":0}],"afterStages":[{"name":"page::0","time":{"start":1766565746920,"stop":1766565746943,"duration":23},"status":"passed","steps":[],"attachments":[],"parameters":[],"stepsCount":0,"hasContent":false,"attachmentStep":false,"shouldDisplayMessage":false,"attachmentsCount":0}],"labels":[{"name":"parentSuite","value":"tests"},{"name":"suite","value":"test_tasks_comprehensive"},{"name":"subSuite","value":"TestTasksComprehensive"},{"name":"host","value":"Shishirs-Mac-mini.local"},{"name":"thread","value":"9366-MainThread"},{"name":"framework","value":"pytest"},{"name":"language","value":"cpython3"},{"name":"package","value":"tests.test_tasks_comprehensive"},{"name":"resultFormat","value":"allure2"}],"parameters":[],"links":[],"hidden":false,"retry":false,"extra":{"severity":"normal","retries":[{"uid":"980d4cf2edb2df1e","status":"passed","time":{"start":1766399858670,"stop":1766399975316,"duration":116646}},{"uid":"60305296c33918d8","status":"passed","time":{"start":1766383087426,"stop":1766383206937,"duration":119511}}],"categories":[{"name":"Product defects","matchedStatuses":[]}],"tags":[]},"source":"80a08aed6a734d3.json","parameterValues":[]}