{"uid":"95df1d61bec7ffa5","name":"Workflow: Settings end-to-end","fullName":"tests.test_complete_workflow.TestCompleteWorkflow#test_complete_settings_workflow","historyId":"aa04bcb376f487ca90cc9d214997f1f4","time":{"start":1766482158968,"stop":1766482174225,"duration":15257},"description":"Navigate settings tabs and perform a profile update action, ensuring no errors.","descriptionHtml":"<p>Navigate settings tabs and perform a profile update action, ensuring no errors.</p>\n","status":"failed","statusMessage":"AssertionError: Settings page should be loaded\nassert False\n +  where False = <bound method SettingsPage.is_loaded of <pages.settings_page.SettingsPage object at 0x107de3250>>()\n +    where <bound method SettingsPage.is_loaded of <pages.settings_page.SettingsPage object at 0x107de3250>> = <pages.settings_page.SettingsPage object at 0x107de3250>.is_loaded","statusTrace":"self = <tests.test_complete_workflow.TestCompleteWorkflow object at 0x107ab6450>\npage = <Page url='https://portal.trackzyng.codezyng.com/settings'>\n\n    def test_complete_settings_workflow(self, page):\n        \"\"\"Test complete settings workflow.\"\"\"\n        allure.dynamic.title(\"Workflow: Settings end-to-end\")\n        allure.dynamic.description(\"Navigate settings tabs and perform a profile update action, ensuring no errors.\")\n    \n        ensure_fresh_session(page)\n        login_user(page, ADMIN_USERNAME, ADMIN_PASSWORD)\n        settings = SettingsPage(page)\n        nav = NavigationPage(page)\n    \n        nav.navigate_to_settings()\n>       assert settings.is_loaded(), \"Settings page should be loaded\"\nE       AssertionError: Settings page should be loaded\nE       assert False\nE        +  where False = <bound method SettingsPage.is_loaded of <pages.settings_page.SettingsPage object at 0x107de3250>>()\nE        +    where <bound method SettingsPage.is_loaded of <pages.settings_page.SettingsPage object at 0x107de3250>> = <pages.settings_page.SettingsPage object at 0x107de3250>.is_loaded\n\ntests/test_complete_workflow.py:148: AssertionError","flaky":false,"newFailed":false,"newBroken":false,"newPassed":false,"retriesCount":0,"retriesStatusChange":false,"beforeStages":[{"name":"page","time":{"start":1766482158611,"stop":1766482158968,"duration":357},"status":"passed","steps":[],"attachments":[],"parameters":[],"shouldDisplayMessage":false,"attachmentsCount":0,"stepsCount":0,"hasContent":false,"attachmentStep":false}],"afterStages":[{"name":"page::0","time":{"start":1766482174260,"stop":1766482174284,"duration":24},"status":"passed","steps":[],"attachments":[],"parameters":[],"shouldDisplayMessage":false,"attachmentsCount":0,"stepsCount":0,"hasContent":false,"attachmentStep":false}],"labels":[{"name":"parentSuite","value":"tests"},{"name":"suite","value":"test_complete_workflow"},{"name":"subSuite","value":"TestCompleteWorkflow"},{"name":"host","value":"Shishirs-Mac-mini.local"},{"name":"thread","value":"22004-MainThread"},{"name":"framework","value":"pytest"},{"name":"language","value":"cpython3"},{"name":"package","value":"tests.test_complete_workflow"},{"name":"resultFormat","value":"allure2"}],"parameters":[],"links":[],"hidden":true,"retry":true,"extra":{"categories":[],"tags":[]},"source":"95df1d61bec7ffa5.json","parameterValues":[]}