{"uid":"bbb7080d4dc1c45a","name":"test_complete_user_journey_admin","fullName":"tests.test_end_to_end.TestEndToEnd#test_complete_user_journey_admin","historyId":"d17a6cfa2bf92fbee8b8ff8da400909b","time":{"start":1766466141175,"stop":1766466157238,"duration":16063},"description":"Test complete user journey for admin user.","descriptionHtml":"<p>Test complete user journey for admin user.</p>\n","status":"failed","statusMessage":"AssertionError: assert False\n +  where False = <bound method DashboardPage.is_content_visible of <pages.dashboard_page.DashboardPage object at 0x1116bc7c0>>()\n +    where <bound method DashboardPage.is_content_visible of <pages.dashboard_page.DashboardPage object at 0x1116bc7c0>> = <pages.dashboard_page.DashboardPage object at 0x1116bc7c0>.is_content_visible","statusTrace":"self = <tests.test_end_to_end.TestEndToEnd object at 0x1038156d0>\npage = <Page url='https://portal.trackzyng.codezyng.com/dashboard'>\n\n    def test_complete_user_journey_admin(self, page):\n        \"\"\"Test complete user journey for admin user.\"\"\"\n        ensure_fresh_session(page)\n    \n        # Step 1: Open login page\n        login = LoginPage(page)\n        login.open()\n        assert login.is_login_form_visible()\n    \n        # Step 2: Login\n        login.login(ADMIN_USERNAME, ADMIN_PASSWORD)\n        page.wait_for_url(\"**/dashboard**\", timeout=15000)\n    \n        # Step 3: Verify dashboard\n        dashboard = DashboardPage(page)\n        dashboard.wait_for_dashboard_load()\n        assert dashboard.is_loaded()\n>       assert dashboard.is_content_visible()\nE       assert False\nE        +  where False = <bound method DashboardPage.is_content_visible of <pages.dashboard_page.DashboardPage object at 0x1116bc7c0>>()\nE        +    where <bound method DashboardPage.is_content_visible of <pages.dashboard_page.DashboardPage object at 0x1116bc7c0>> = <pages.dashboard_page.DashboardPage object at 0x1116bc7c0>.is_content_visible\n\ntests/test_end_to_end.py:29: AssertionError","flaky":false,"newFailed":false,"newBroken":false,"newPassed":false,"retriesCount":0,"retriesStatusChange":false,"beforeStages":[{"name":"page","time":{"start":1766466140924,"stop":1766466141174,"duration":250},"status":"passed","steps":[],"attachments":[],"parameters":[],"stepsCount":0,"hasContent":false,"attachmentStep":false,"shouldDisplayMessage":false,"attachmentsCount":0}],"afterStages":[{"name":"page::0","time":{"start":1766466157299,"stop":1766466157339,"duration":40},"status":"passed","steps":[],"attachments":[],"parameters":[],"stepsCount":0,"hasContent":false,"attachmentStep":false,"shouldDisplayMessage":false,"attachmentsCount":0}],"labels":[{"name":"parentSuite","value":"tests"},{"name":"suite","value":"test_end_to_end"},{"name":"subSuite","value":"TestEndToEnd"},{"name":"host","value":"Shishirs-Mac-mini.local"},{"name":"thread","value":"2170-MainThread"},{"name":"framework","value":"pytest"},{"name":"language","value":"cpython3"},{"name":"package","value":"tests.test_end_to_end"},{"name":"resultFormat","value":"allure2"}],"parameters":[],"links":[],"hidden":true,"retry":true,"extra":{"categories":[],"tags":[]},"source":"bbb7080d4dc1c45a.json","parameterValues":[]}