{"uid":"c5c3de79a09ae6d1","name":"Workflow: Settings end-to-end","fullName":"tests.test_complete_workflow.TestCompleteWorkflow#test_complete_settings_workflow","historyId":"aa04bcb376f487ca90cc9d214997f1f4","time":{"start":1766560330805,"stop":1766560345283,"duration":14478},"description":"Navigate settings tabs and perform a profile update action, ensuring no errors.","descriptionHtml":"<p>Navigate settings tabs and perform a profile update action, ensuring no errors.</p>\n","status":"failed","statusMessage":"AssertionError: Settings page should be loaded\nassert False\n +  where False = <bound method SettingsPage.is_loaded of <pages.settings_page.SettingsPage object at 0x111349450>>()\n +    where <bound method SettingsPage.is_loaded of <pages.settings_page.SettingsPage object at 0x111349450>> = <pages.settings_page.SettingsPage object at 0x111349450>.is_loaded","statusTrace":"self = <tests.test_complete_workflow.TestCompleteWorkflow object at 0x105411d90>\npage = <Page url='https://portal.trackzyng.codezyng.com/settings'>\n\n    def test_complete_settings_workflow(self, page):\n        \"\"\"Test complete settings workflow.\"\"\"\n        allure.dynamic.title(\"Workflow: Settings end-to-end\")\n        allure.dynamic.description(\"Navigate settings tabs and perform a profile update action, ensuring no errors.\")\n    \n        ensure_fresh_session(page)\n        login_user(page, ADMIN_USERNAME, ADMIN_PASSWORD)\n        settings = SettingsPage(page)\n        nav = NavigationPage(page)\n    \n        nav.navigate_to_settings()\n>       assert settings.is_loaded(), \"Settings page should be loaded\"\nE       AssertionError: Settings page should be loaded\nE       assert False\nE        +  where False = <bound method SettingsPage.is_loaded of <pages.settings_page.SettingsPage object at 0x111349450>>()\nE        +    where <bound method SettingsPage.is_loaded of <pages.settings_page.SettingsPage object at 0x111349450>> = <pages.settings_page.SettingsPage object at 0x111349450>.is_loaded\n\ntests/test_complete_workflow.py:148: AssertionError","flaky":false,"newFailed":false,"newBroken":false,"newPassed":false,"retriesCount":11,"retriesStatusChange":true,"beforeStages":[{"name":"page","time":{"start":1766560330559,"stop":1766560330804,"duration":245},"status":"passed","steps":[],"attachments":[],"parameters":[],"shouldDisplayMessage":false,"attachmentsCount":0,"stepsCount":0,"hasContent":false,"attachmentStep":false}],"afterStages":[{"name":"page::0","time":{"start":1766560345359,"stop":1766560345379,"duration":20},"status":"passed","steps":[],"attachments":[],"parameters":[],"shouldDisplayMessage":false,"attachmentsCount":0,"stepsCount":0,"hasContent":false,"attachmentStep":false}],"labels":[{"name":"parentSuite","value":"tests"},{"name":"suite","value":"test_complete_workflow"},{"name":"subSuite","value":"TestCompleteWorkflow"},{"name":"host","value":"Shishirs-Mac-mini.local"},{"name":"thread","value":"9366-MainThread"},{"name":"framework","value":"pytest"},{"name":"language","value":"cpython3"},{"name":"package","value":"tests.test_complete_workflow"},{"name":"resultFormat","value":"allure2"}],"parameters":[],"links":[],"hidden":false,"retry":false,"extra":{"severity":"normal","retries":[{"uid":"481212871b660d98","status":"failed","statusDetails":"AssertionError: Settings page should be loaded\nassert False\n +  where False = <bound method SettingsPage.is_loaded of <pages.settings_page.SettingsPage object at 0x108f48550>>()\n +    where <bound method SettingsPage.is_loaded of <pages.settings_page.SettingsPage object at 0x108f48550>> = <pages.settings_page.SettingsPage object at 0x108f48550>.is_loaded","time":{"start":1766549552690,"stop":1766549566739,"duration":14049}},{"uid":"2f88f791d0602237","status":"failed","statusDetails":"AssertionError: Settings page should be loaded\nassert False\n +  where False = <bound method SettingsPage.is_loaded of <pages.settings_page.SettingsPage object at 0x107de3250>>()\n +    where <bound method SettingsPage.is_loaded of <pages.settings_page.SettingsPage object at 0x107de3250>> = <pages.settings_page.SettingsPage object at 0x107de3250>.is_loaded","time":{"start":1766482158968,"stop":1766482174225,"duration":15257}},{"uid":"add043e567b0c596","status":"passed","time":{"start":1766465229581,"stop":1766465247805,"duration":18224}},{"uid":"1a2fcc0993d1e599","status":"passed","time":{"start":1766393457670,"stop":1766393476156,"duration":18486}},{"uid":"fbc1217324a6ba8e","status":"passed","time":{"start":1766391105256,"stop":1766391236469,"duration":131213}},{"uid":"4afa17c6209469fb","status":"passed","time":{"start":1766377401078,"stop":1766377421783,"duration":20705}},{"uid":"e37fc067ee29f90f","status":"passed","time":{"start":1766137721372,"stop":1766137743591,"duration":22219}},{"uid":"35d88136c96e1ab1","status":"passed","time":{"start":1766123848997,"stop":1766123871791,"duration":22794}},{"uid":"132cc6e9b9976a4f","status":"passed","time":{"start":1766122091541,"stop":1766122113875,"duration":22334}},{"uid":"40cc8138702af2f2","status":"passed","time":{"start":1766038311533,"stop":1766038357480,"duration":45947}},{"uid":"6339a00764ec52f3","status":"broken","statusDetails":"playwright._impl._errors.TimeoutError: Timeout 5000ms exceeded.","time":{"start":1766031979354,"stop":1766031993594,"duration":14240}}],"categories":[{"name":"Product defects","matchedStatuses":[]}],"tags":[]},"source":"c5c3de79a09ae6d1.json","parameterValues":[]}