{"uid":"c6ee3b9155457c63","name":"Users: Form validation shows errors on save without required fields","fullName":"tests.test_users_crud_comprehensive.TestUsersCRUDComprehensive#test_user_form_validation_on_save","historyId":"27a316d1767b17549be565fd7135b145","time":{"start":1766566889685,"stop":1766566912446,"duration":22761},"description":"Open create user form and click save without required fields. Expect validation errors to be shown.","descriptionHtml":"<p>Open create user form and click save without required fields. Expect validation errors to be shown.</p>\n","status":"failed","statusMessage":"AssertionError: Expected form to remain visible with validation errors\nassert False\n +  where False = <bound method BasePage.is_element_visible of <pages.users_page.UsersPage object at 0x1134616d0>>('form, [data-testid*=\"user-form\"]', timeout=3000)\n +    where <bound method BasePage.is_element_visible of <pages.users_page.UsersPage object at 0x1134616d0>> = <pages.users_page.UsersPage object at 0x1134616d0>.is_element_visible\n +    and   'form, [data-testid*=\"user-form\"]' = <pages.users_page.UsersPage object at 0x1134616d0>.user_form","statusTrace":"self = <tests.test_users_crud_comprehensive.TestUsersCRUDComprehensive object at 0x1056fbd50>\npage = <Page url='https://portal.trackzyng.codezyng.com/users'>\n\n    def test_user_form_validation_on_save(self, page):\n        \"\"\"Test form validation when saving user.\"\"\"\n        allure.dynamic.title(\"Users: Form validation shows errors on save without required fields\")\n        allure.dynamic.description(\"Open create user form and click save without required fields. Expect validation errors to be shown.\")\n    \n        ensure_fresh_session(page)\n        login_user(page, ADMIN_USERNAME, ADMIN_PASSWORD)\n    \n        users = UsersPage(page)\n        users.navigate_to_users()\n        assert users.is_loaded(), \"Users page should be loaded\"\n    \n        users.click_create_user()\n        # Try to save without filling required fields\n        users.save_user_form()\n        page.wait_for_timeout(500)\n    \n        # Expect either the form still visible or some validation message\n>       assert users.is_element_visible(users.user_form, timeout=3000), \"Expected form to remain visible with validation errors\"\nE       AssertionError: Expected form to remain visible with validation errors\nE       assert False\nE        +  where False = <bound method BasePage.is_element_visible of <pages.users_page.UsersPage object at 0x1134616d0>>('form, [data-testid*=\"user-form\"]', timeout=3000)\nE        +    where <bound method BasePage.is_element_visible of <pages.users_page.UsersPage object at 0x1134616d0>> = <pages.users_page.UsersPage object at 0x1134616d0>.is_element_visible\nE        +    and   'form, [data-testid*=\"user-form\"]' = <pages.users_page.UsersPage object at 0x1134616d0>.user_form\n\ntests/test_users_crud_comprehensive.py:235: AssertionError","flaky":false,"newFailed":false,"newBroken":false,"newPassed":false,"retriesCount":2,"retriesStatusChange":true,"beforeStages":[{"name":"page","time":{"start":1766566889336,"stop":1766566889684,"duration":348},"status":"passed","steps":[],"attachments":[],"parameters":[],"shouldDisplayMessage":false,"attachmentsCount":0,"stepsCount":0,"hasContent":false,"attachmentStep":false}],"afterStages":[{"name":"page::0","time":{"start":1766566912499,"stop":1766566912553,"duration":54},"status":"passed","steps":[],"attachments":[],"parameters":[],"shouldDisplayMessage":false,"attachmentsCount":0,"stepsCount":0,"hasContent":false,"attachmentStep":false}],"labels":[{"name":"parentSuite","value":"tests"},{"name":"suite","value":"test_users_crud_comprehensive"},{"name":"subSuite","value":"TestUsersCRUDComprehensive"},{"name":"host","value":"Shishirs-Mac-mini.local"},{"name":"thread","value":"9366-MainThread"},{"name":"framework","value":"pytest"},{"name":"language","value":"cpython3"},{"name":"package","value":"tests.test_users_crud_comprehensive"},{"name":"resultFormat","value":"allure2"}],"parameters":[],"links":[],"hidden":false,"retry":false,"extra":{"severity":"normal","retries":[{"uid":"20d225aeefa3626d","status":"passed","time":{"start":1766403997006,"stop":1766404023886,"duration":26880}},{"uid":"90dba9e09881ea38","status":"passed","time":{"start":1766384506551,"stop":1766384536046,"duration":29495}}],"categories":[{"name":"Product defects","matchedStatuses":[]}],"tags":[]},"source":"c6ee3b9155457c63.json","parameterValues":[]}