{"uid":"ca8967e91c22db04","name":"Tasks: Fill create form","fullName":"tests.test_tasks.TestTasks#test_fill_task_form","historyId":"bea711d177eda8c2902c248f12275fd2","time":{"start":1766564573873,"stop":1766564742666,"duration":168793},"description":"Fill create task form with sample data and verify inputs accept values.","descriptionHtml":"<p>Fill create task form with sample data and verify inputs accept values.</p>\n","status":"skipped","statusMessage":"Skipped: Task create form did not appear after clicking create; create may not be available for this environment/role","statusTrace":"('/Users/shishirk/Desktop/Playwright_Trackzyng/trackzyng_playwright/tests/test_tasks.py', 192, 'Skipped: Task create form did not appear after clicking create; create may not be available for this environment/role')","flaky":false,"newFailed":false,"newBroken":false,"newPassed":false,"retriesCount":8,"retriesStatusChange":true,"beforeStages":[{"name":"page","time":{"start":1766564573432,"stop":1766564573872,"duration":440},"status":"passed","steps":[],"attachments":[],"parameters":[],"shouldDisplayMessage":false,"attachmentsCount":0,"stepsCount":0,"hasContent":false,"attachmentStep":false}],"afterStages":[{"name":"page::0","time":{"start":1766564742669,"stop":1766564742712,"duration":43},"status":"passed","steps":[],"attachments":[],"parameters":[],"shouldDisplayMessage":false,"attachmentsCount":0,"stepsCount":0,"hasContent":false,"attachmentStep":false}],"labels":[{"name":"parentSuite","value":"tests"},{"name":"suite","value":"test_tasks"},{"name":"subSuite","value":"TestTasks"},{"name":"host","value":"Shishirs-Mac-mini.local"},{"name":"thread","value":"9366-MainThread"},{"name":"framework","value":"pytest"},{"name":"language","value":"cpython3"},{"name":"package","value":"tests.test_tasks"},{"name":"resultFormat","value":"allure2"}],"parameters":[],"links":[],"hidden":false,"retry":false,"extra":{"severity":"normal","retries":[{"uid":"2a0666d515427ec4","status":"skipped","statusDetails":"Skipped: Task create form did not appear after clicking create; create may not be available for this environment/role","time":{"start":1766486599723,"stop":1766486768646,"duration":168923}},{"uid":"e8c3594481900e4c","status":"skipped","statusDetails":"Skipped: Task create form did not appear after clicking create; create may not be available for this environment/role","time":{"start":1766478985717,"stop":1766479156521,"duration":170804}},{"uid":"11e4343de2b55f06","status":"skipped","statusDetails":"Skipped: Task create form did not appear after clicking create; create may not be available for this environment/role","time":{"start":1766478274108,"stop":1766478442615,"duration":168507}},{"uid":"cadc5491928f32fb","status":"failed","statusDetails":"AssertionError: Task create form or title input should be visible after clicking create\nassert (False or False)","time":{"start":1766478074186,"stop":1766478242806,"duration":168620}},{"uid":"a70eb9d4f9f4c53","status":"failed","statusDetails":"AssertionError: Task title should be filled with the provided value\nassert 'Test Task 20251223135006' in ''","time":{"start":1766477988573,"stop":1766478049391,"duration":60818}},{"uid":"8426bfa8df4998ba","status":"passed","time":{"start":1766470194574,"stop":1766470229730,"duration":35156}},{"uid":"cbba16de5f5847b","status":"passed","time":{"start":1766398957979,"stop":1766398992680,"duration":34701}},{"uid":"f0ee6e84b3cb895e","status":"passed","time":{"start":1766382446662,"stop":1766382483677,"duration":37015}}],"categories":[],"tags":[]},"source":"ca8967e91c22db04.json","parameterValues":[]}