{"uid":"da370d01a0f9610e","name":"Tasks: Add new task (minimum fields)","fullName":"tests.test_tasks_comprehensive.TestTasksComprehensive#test_add_task_minimum_fields","historyId":"2615eeacd295cce16065104cb656838e","time":{"start":1766565081292,"stop":1766565193864,"duration":112572},"description":"Create a task with minimum required fields and ensure creation completes.","descriptionHtml":"<p>Create a task with minimum required fields and ensure creation completes.</p>\n","status":"failed","statusMessage":"AssertionError: Created minimal task should be findable via search\nassert 0 > 0\n +  where 0 = <bound method TasksPage.get_tasks_count of <pages.tasks_page.TasksPage object at 0x113d4ccd0>>()\n +    where <bound method TasksPage.get_tasks_count of <pages.tasks_page.TasksPage object at 0x113d4ccd0>> = <pages.tasks_page.TasksPage object at 0x113d4ccd0>.get_tasks_count","statusTrace":"self = <tests.test_tasks_comprehensive.TestTasksComprehensive object at 0x105527250>\npage = <Page url='https://portal.trackzyng.codezyng.com/tasks?date=2025-12-24'>\n\n    def test_add_task_minimum_fields(self, page):\n        \"\"\"Test adding task with minimum required fields.\"\"\"\n        allure.dynamic.title(\"Tasks: Add new task (minimum fields)\")\n        allure.dynamic.description(\"Create a task with minimum required fields and ensure creation completes.\")\n        ensure_fresh_session(page)\n        login_user(page, ADMIN_USERNAME, ADMIN_PASSWORD)\n    \n        tasks = TasksPage(page)\n        tasks.navigate_to_tasks()\n        page.wait_for_timeout(3000)\n    \n        if not tasks.is_loaded():\n            pytest.skip(\"Tasks page not available for this user/environment\")\n    \n        timestamp = datetime.now().strftime(\"%Y%m%d%H%M%S\")\n        task_title = f\"Min Task {timestamp}\"\n        tasks.click_create_task()\n        page.wait_for_timeout(2000)\n    \n        tasks.fill_task_form(title=task_title)\n        tasks.save_task_form()\n        page.wait_for_timeout(2000)\n    \n        tasks.search_task(timestamp)\n        page.wait_for_timeout(2000)\n>       assert tasks.get_tasks_count() > 0, \"Created minimal task should be findable via search\"\nE       AssertionError: Created minimal task should be findable via search\nE       assert 0 > 0\nE        +  where 0 = <bound method TasksPage.get_tasks_count of <pages.tasks_page.TasksPage object at 0x113d4ccd0>>()\nE        +    where <bound method TasksPage.get_tasks_count of <pages.tasks_page.TasksPage object at 0x113d4ccd0>> = <pages.tasks_page.TasksPage object at 0x113d4ccd0>.get_tasks_count\n\ntests/test_tasks_comprehensive.py:76: AssertionError","flaky":false,"newFailed":false,"newBroken":false,"newPassed":false,"retriesCount":4,"retriesStatusChange":true,"beforeStages":[{"name":"page","time":{"start":1766565080922,"stop":1766565081291,"duration":369},"status":"passed","steps":[],"attachments":[],"parameters":[],"shouldDisplayMessage":false,"attachmentsCount":0,"stepsCount":0,"hasContent":false,"attachmentStep":false}],"afterStages":[{"name":"page::0","time":{"start":1766565193949,"stop":1766565193974,"duration":25},"status":"passed","steps":[],"attachments":[],"parameters":[],"shouldDisplayMessage":false,"attachmentsCount":0,"stepsCount":0,"hasContent":false,"attachmentStep":false}],"labels":[{"name":"parentSuite","value":"tests"},{"name":"suite","value":"test_tasks_comprehensive"},{"name":"subSuite","value":"TestTasksComprehensive"},{"name":"host","value":"Shishirs-Mac-mini.local"},{"name":"thread","value":"9366-MainThread"},{"name":"framework","value":"pytest"},{"name":"language","value":"cpython3"},{"name":"package","value":"tests.test_tasks_comprehensive"},{"name":"resultFormat","value":"allure2"}],"parameters":[],"links":[],"hidden":false,"retry":false,"extra":{"severity":"normal","retries":[{"uid":"9f0c69720027acc7","status":"failed","statusDetails":"AssertionError: Created minimal task should be findable via search\nassert 0 > 0\n +  where 0 = <bound method TasksPage.get_tasks_count of <pages.tasks_page.TasksPage object at 0x10fa3d950>>()\n +    where <bound method TasksPage.get_tasks_count of <pages.tasks_page.TasksPage object at 0x10fa3d950>> = <pages.tasks_page.TasksPage object at 0x10fa3d950>.get_tasks_count","time":{"start":1766487104950,"stop":1766487217336,"duration":112386}},{"uid":"19b7d43bf8c28e35","status":"passed","time":{"start":1766470570104,"stop":1766470679460,"duration":109356}},{"uid":"1301bdda1b98b4dd","status":"passed","time":{"start":1766399326815,"stop":1766399436630,"duration":109815}},{"uid":"87617aa9504c16a8","status":"passed","time":{"start":1766382744067,"stop":1766382855803,"duration":111736}}],"categories":[{"name":"Product defects","matchedStatuses":[]}],"tags":[]},"source":"da370d01a0f9610e.json","parameterValues":[]}